<?xml version="1.0" encoding="UTF-8"?>
<testng-results ignored="0" total="11" passed="9" failed="2" skipped="0">
  <reporter-output>
  </reporter-output>
  <suite started-at="2025-03-18T20:20:38 IST" name="Regression Suite" finished-at="2025-03-18T20:21:19 IST" duration-ms="41270">
    <groups>
      <group name="Samples">
        <method signature="LoginPageTest.PageTitleTest()[pri:1, instance:com.qa.opencart.tests.LoginPageTest@1e04fa0a]" name="PageTitleTest" class="com.qa.opencart.tests.LoginPageTest"/>
        <method signature="LoginPageTest.PageUrlTest()[pri:2, instance:com.qa.opencart.tests.LoginPageTest@1e04fa0a]" name="PageUrlTest" class="com.qa.opencart.tests.LoginPageTest"/>
        <method signature="LoginPageTest.PageForgotPwdTest()[pri:3, instance:com.qa.opencart.tests.LoginPageTest@1e04fa0a]" name="PageForgotPwdTest" class="com.qa.opencart.tests.LoginPageTest"/>
        <method signature="LoginPageTest.LoginTest()[pri:4, instance:com.qa.opencart.tests.LoginPageTest@1e04fa0a]" name="LoginTest" class="com.qa.opencart.tests.LoginPageTest"/>
      </group> <!-- Samples -->
    </groups>
    <test started-at="2025-03-18T20:20:38 IST" name="comdata MenuList test" finished-at="2025-03-18T20:20:59 IST" duration-ms="21624">
      <class name="com.qa.opencart.tests.MenuListTest">
        <test-method is-config="true" signature="setup()[pri:0, instance:com.qa.opencart.tests.MenuListTest@783a467b]" started-at="2025-03-18T20:20:38 IST" name="setup" finished-at="2025-03-18T20:20:51 IST" duration-ms="13057" status="PASS">
          <reporter-output>
          </reporter-output>
        </test-method> <!-- setup -->
        <test-method is-config="true" signature="accPageSetUp()[pri:0, instance:com.qa.opencart.tests.MenuListTest@783a467b]" started-at="2025-03-18T20:20:51 IST" name="accPageSetUp" finished-at="2025-03-18T20:20:59 IST" duration-ms="8249" status="PASS">
          <reporter-output>
          </reporter-output>
        </test-method> <!-- accPageSetUp -->
        <test-method signature="MenuListValues()[pri:0, instance:com.qa.opencart.tests.MenuListTest@783a467b]" started-at="2025-03-18T20:20:59 IST" name="MenuListValues" finished-at="2025-03-18T20:20:59 IST" duration-ms="0" status="FAIL">
          <exception class="java.lang.NullPointerException">
            <full-stacktrace>
              <![CDATA[java.lang.NullPointerException
at com.qa.opencart.tests.MenuListTest.MenuListValues(MenuListTest.java:21)
at java.base/jdk.internal.reflect.NativeMethodAccessorImpl.invoke0(Native Method)
at java.base/jdk.internal.reflect.NativeMethodAccessorImpl.invoke(NativeMethodAccessorImpl.java:62)
at java.base/jdk.internal.reflect.DelegatingMethodAccessorImpl.invoke(DelegatingMethodAccessorImpl.java:43)
at java.base/java.lang.reflect.Method.invoke(Method.java:566)
at org.testng.internal.invokers.MethodInvocationHelper.invokeMethod(MethodInvocationHelper.java:141)
at org.testng.internal.invokers.TestInvoker.invokeMethod(TestInvoker.java:686)
at org.testng.internal.invokers.TestInvoker.invokeTestMethod(TestInvoker.java:230)
at org.testng.internal.invokers.MethodRunner.runInSequence(MethodRunner.java:63)
at org.testng.internal.invokers.TestInvoker$MethodInvocationAgent.invoke(TestInvoker.java:992)
at org.testng.internal.invokers.TestInvoker.invokeTestMethods(TestInvoker.java:203)
at org.testng.internal.invokers.TestMethodWorker.invokeTestMethods(TestMethodWorker.java:154)
at org.testng.internal.invokers.TestMethodWorker.run(TestMethodWorker.java:134)
at java.base/java.util.ArrayList.forEach(ArrayList.java:1541)
at org.testng.TestRunner.privateRun(TestRunner.java:739)
at org.testng.TestRunner.run(TestRunner.java:614)
at org.testng.SuiteRunner.runTest(SuiteRunner.java:421)
at org.testng.SuiteRunner$SuiteWorker.run(SuiteRunner.java:463)
at org.testng.internal.thread.ThreadUtil.lambda$execute$0(ThreadUtil.java:64)
at java.base/java.util.concurrent.FutureTask.run(FutureTask.java:264)
at java.base/java.util.concurrent.ThreadPoolExecutor.runWorker(ThreadPoolExecutor.java:1128)
at java.base/java.util.concurrent.ThreadPoolExecutor$Worker.run(ThreadPoolExecutor.java:628)
at java.base/java.lang.Thread.run(Thread.java:834)
]]>
            </full-stacktrace>
          </exception> <!-- java.lang.NullPointerException -->
          <reporter-output>
          </reporter-output>
        </test-method> <!-- MenuListValues -->
        <test-method is-config="true" signature="tearDown()[pri:0, instance:com.qa.opencart.tests.MenuListTest@783a467b]" started-at="2025-03-18T20:20:59 IST" name="tearDown" finished-at="2025-03-18T20:20:59 IST" duration-ms="0" status="PASS">
          <reporter-output>
          </reporter-output>
        </test-method> <!-- tearDown -->
      </class> <!-- com.qa.opencart.tests.MenuListTest -->
    </test> <!-- comdata MenuList test -->
    <test started-at="2025-03-18T20:20:38 IST" name="comdata login  test" finished-at="2025-03-18T20:21:01 IST" duration-ms="23477">
      <class name="com.qa.opencart.tests.LoginPageTest">
        <test-method is-config="true" signature="setup()[pri:0, instance:com.qa.opencart.tests.LoginPageTest@1e04fa0a]" started-at="2025-03-18T20:20:38 IST" name="setup" finished-at="2025-03-18T20:20:58 IST" duration-ms="19824" status="PASS">
          <reporter-output>
          </reporter-output>
        </test-method> <!-- setup -->
        <test-method signature="PageTitleTest()[pri:1, instance:com.qa.opencart.tests.LoginPageTest@1e04fa0a]" started-at="2025-03-18T20:20:58 IST" name="PageTitleTest" finished-at="2025-03-18T20:20:58 IST" duration-ms="138" status="PASS">
          <reporter-output>
          </reporter-output>
        </test-method> <!-- PageTitleTest -->
        <test-method signature="PageUrlTest()[pri:2, instance:com.qa.opencart.tests.LoginPageTest@1e04fa0a]" started-at="2025-03-18T20:20:58 IST" name="PageUrlTest" finished-at="2025-03-18T20:20:58 IST" duration-ms="40" status="PASS">
          <reporter-output>
          </reporter-output>
        </test-method> <!-- PageUrlTest -->
        <test-method signature="PageForgotPwdTest()[pri:3, instance:com.qa.opencart.tests.LoginPageTest@1e04fa0a]" started-at="2025-03-18T20:20:58 IST" name="PageForgotPwdTest" finished-at="2025-03-18T20:20:58 IST" duration-ms="81" status="PASS">
          <reporter-output>
          </reporter-output>
        </test-method> <!-- PageForgotPwdTest -->
        <test-method signature="LoginTest()[pri:4, instance:com.qa.opencart.tests.LoginPageTest@1e04fa0a]" started-at="2025-03-18T20:20:58 IST" name="LoginTest" finished-at="2025-03-18T20:21:01 IST" duration-ms="3282" status="PASS">
          <reporter-output>
          </reporter-output>
        </test-method> <!-- LoginTest -->
        <test-method is-config="true" signature="tearDown()[pri:0, instance:com.qa.opencart.tests.LoginPageTest@1e04fa0a]" started-at="2025-03-18T20:21:01 IST" name="tearDown" finished-at="2025-03-18T20:21:01 IST" duration-ms="0" status="PASS">
          <reporter-output>
          </reporter-output>
        </test-method> <!-- tearDown -->
      </class> <!-- com.qa.opencart.tests.LoginPageTest -->
    </test> <!-- comdata login  test -->
    <test started-at="2025-03-18T20:20:38 IST" name="comdata Accounts Page test" finished-at="2025-03-18T20:21:19 IST" duration-ms="41270">
      <class name="com.qa.opencart.tests.AccountsPageTest">
        <test-method is-config="true" signature="setup()[pri:0, instance:com.qa.opencart.tests.AccountsPageTest@52b1beb6]" started-at="2025-03-18T20:20:38 IST" name="setup" finished-at="2025-03-18T20:20:59 IST" duration-ms="21407" status="PASS">
          <reporter-output>
          </reporter-output>
        </test-method> <!-- setup -->
        <test-method is-config="true" signature="accPageSetUp()[pri:0, instance:com.qa.opencart.tests.AccountsPageTest@52b1beb6]" started-at="2025-03-18T20:20:59 IST" name="accPageSetUp" finished-at="2025-03-18T20:21:01 IST" duration-ms="2229" status="PASS">
          <reporter-output>
          </reporter-output>
        </test-method> <!-- accPageSetUp -->
        <test-method signature="HomePageTitleTest()[pri:1, instance:com.qa.opencart.tests.AccountsPageTest@52b1beb6]" started-at="2025-03-18T20:21:01 IST" name="HomePageTitleTest" finished-at="2025-03-18T20:21:02 IST" duration-ms="109" status="PASS">
          <reporter-output>
          </reporter-output>
        </test-method> <!-- HomePageTitleTest -->
        <test-method signature="HomePageUrlTest()[pri:2, instance:com.qa.opencart.tests.AccountsPageTest@52b1beb6]" started-at="2025-03-18T20:21:02 IST" name="HomePageUrlTest" finished-at="2025-03-18T20:21:08 IST" duration-ms="6165" status="PASS">
          <reporter-output>
          </reporter-output>
        </test-method> <!-- HomePageUrlTest -->
        <test-method signature="BankNameTest()[pri:3, instance:com.qa.opencart.tests.AccountsPageTest@52b1beb6]" started-at="2025-03-18T20:21:08 IST" name="BankNameTest" finished-at="2025-03-18T20:21:08 IST" duration-ms="428" status="PASS">
          <reporter-output>
          </reporter-output>
        </test-method> <!-- BankNameTest -->
        <test-method signature="AccountNumvalidationTest()[pri:4, instance:com.qa.opencart.tests.AccountsPageTest@52b1beb6]" started-at="2025-03-18T20:21:08 IST" name="AccountNumvalidationTest" finished-at="2025-03-18T20:21:09 IST" duration-ms="727" status="FAIL">
          <exception class="java.lang.AssertionError">
            <message>
              <![CDATA[expected [Comdata] but found [Fintwist Account]]]>
            </message>
            <full-stacktrace>
              <![CDATA[java.lang.AssertionError: expected [Comdata] but found [Fintwist Account]
at org.testng.Assert.fail(Assert.java:111)
at org.testng.Assert.failNotEquals(Assert.java:1578)
at org.testng.Assert.assertEqualsImpl(Assert.java:150)
at org.testng.Assert.assertEquals(Assert.java:132)
at org.testng.Assert.assertEquals(Assert.java:656)
at org.testng.Assert.assertEquals(Assert.java:666)
at com.qa.opencart.tests.AccountsPageTest.AccountNumvalidationTest(AccountsPageTest.java:40)
at java.base/jdk.internal.reflect.NativeMethodAccessorImpl.invoke0(Native Method)
at java.base/jdk.internal.reflect.NativeMethodAccessorImpl.invoke(NativeMethodAccessorImpl.java:62)
at java.base/jdk.internal.reflect.DelegatingMethodAccessorImpl.invoke(DelegatingMethodAccessorImpl.java:43)
at java.base/java.lang.reflect.Method.invoke(Method.java:566)
at org.testng.internal.invokers.MethodInvocationHelper.invokeMethod(MethodInvocationHelper.java:141)
at org.testng.internal.invokers.TestInvoker.invokeMethod(TestInvoker.java:686)
at org.testng.internal.invokers.TestInvoker.invokeTestMethod(TestInvoker.java:230)
at org.testng.internal.invokers.MethodRunner.runInSequence(MethodRunner.java:63)
at org.testng.internal.invokers.TestInvoker$MethodInvocationAgent.invoke(TestInvoker.java:992)
at org.testng.internal.invokers.TestInvoker.invokeTestMethods(TestInvoker.java:203)
at org.testng.internal.invokers.TestMethodWorker.invokeTestMethods(TestMethodWorker.java:154)
at org.testng.internal.invokers.TestMethodWorker.run(TestMethodWorker.java:134)
at java.base/java.util.ArrayList.forEach(ArrayList.java:1541)
at org.testng.TestRunner.privateRun(TestRunner.java:739)
at org.testng.TestRunner.run(TestRunner.java:614)
at org.testng.SuiteRunner.runTest(SuiteRunner.java:421)
at org.testng.SuiteRunner$SuiteWorker.run(SuiteRunner.java:463)
at org.testng.internal.thread.ThreadUtil.lambda$execute$0(ThreadUtil.java:64)
at java.base/java.util.concurrent.FutureTask.run(FutureTask.java:264)
at java.base/java.util.concurrent.ThreadPoolExecutor.runWorker(ThreadPoolExecutor.java:1128)
at java.base/java.util.concurrent.ThreadPoolExecutor$Worker.run(ThreadPoolExecutor.java:628)
at java.base/java.lang.Thread.run(Thread.java:834)
]]>
            </full-stacktrace>
          </exception> <!-- java.lang.AssertionError -->
          <reporter-output>
          </reporter-output>
        </test-method> <!-- AccountNumvalidationTest -->
        <test-method signature="HeaderTest()[pri:5, instance:com.qa.opencart.tests.AccountsPageTest@52b1beb6]" started-at="2025-03-18T20:21:09 IST" name="HeaderTest" finished-at="2025-03-18T20:21:09 IST" duration-ms="89" status="PASS">
          <reporter-output>
          </reporter-output>
        </test-method> <!-- HeaderTest -->
        <test-method signature="MenuListValues()[pri:6, instance:com.qa.opencart.tests.AccountsPageTest@52b1beb6]" started-at="2025-03-18T20:21:09 IST" name="MenuListValues" finished-at="2025-03-18T20:21:19 IST" duration-ms="10076" status="PASS">
          <reporter-output>
          </reporter-output>
        </test-method> <!-- MenuListValues -->
        <test-method is-config="true" signature="tearDown()[pri:0, instance:com.qa.opencart.tests.AccountsPageTest@52b1beb6]" started-at="2025-03-18T20:21:19 IST" name="tearDown" finished-at="2025-03-18T20:21:19 IST" duration-ms="0" status="PASS">
          <reporter-output>
          </reporter-output>
        </test-method> <!-- tearDown -->
      </class> <!-- com.qa.opencart.tests.AccountsPageTest -->
    </test> <!-- comdata Accounts Page test -->
  </suite> <!-- Regression Suite -->
</testng-results>
